#
# There is insufficient memory for the Java Runtime Environment to continue.
# Native memory allocation (mmap) failed to map 724828160 bytes for committing reserved memory.
# Possible reasons:
#   The system is out of physical RAM or swap space
#   The process is running with CompressedOops enabled, and the Java Heap may be blocking the growth of the native heap
# Possible solutions:
#   Reduce memory load on the system
#   Increase physical memory or swap space
#   Check if swap backing store is full
#   Decrease Java heap size (-Xmx/-Xms)
#   Decrease number of Java threads
#   Decrease Java thread stack sizes (-Xss)
#   Set larger code cache with -XX:ReservedCodeCacheSize=
# This output file may be truncated or incomplete.
#
#  Out of Memory Error (os_linux.cpp:2767), pid=208, tid=0x00007fcbac5bc700
#
# JRE version:  (8.0_222-b10) (build )
# Java VM: OpenJDK 64-Bit Server VM (25.222-b10 mixed mode linux-amd64 compressed oops)
# Core dump written. Default location: /var/www/core or core.208
#

---------------  T H R E A D  ---------------

Current thread (0x00007fcba404d000):  JavaThread "Unknown thread" [_thread_in_vm, id=223, stack(0x00007fcbac4bd000,0x00007fcbac5bd000)]

Stack: [0x00007fcbac4bd000,0x00007fcbac5bd000],  sp=0x00007fcbac5bb520,  free space=1017k
Native frames: (J=compiled Java code, j=interpreted, Vv=VM code, C=native code)
V  [libjvm.so+0xacedad]  VMError::report_and_die()+0x15d
V  [libjvm.so+0x4f457a]  report_vm_out_of_memory(char const*, int, unsigned long, VMErrorType, char const*)+0xaa
V  [libjvm.so+0x8c69e8]  os::pd_commit_memory(char*, unsigned long, unsigned long, bool)+0xd8
V  [libjvm.so+0x8bdbfe]  os::commit_memory(char*, unsigned long, unsigned long, bool)+0x2e
V  [libjvm.so+0xacba34]  VirtualSpace::expand_by(unsigned long, bool)+0x1b4
V  [libjvm.so+0x5e44fc]  CardGeneration::CardGeneration(ReservedSpace, unsigned long, int, GenRemSet*)+0xfc
V  [libjvm.so+0x4d747a]  ConcurrentMarkSweepGeneration::ConcurrentMarkSweepGeneration(ReservedSpace, unsigned long, int, CardTableRS*, bool, FreeBlockDictionary<FreeChunk>::DictionaryChoice)+0x5a
V  [libjvm.so+0x5e5261]  GenerationSpec::init(ReservedSpace, int, GenRemSet*)+0x191
V  [libjvm.so+0x5d60c8]  GenCollectedHeap::initialize()+0x1e8
V  [libjvm.so+0xa97a49]  Universe::initialize_heap()+0x159
V  [libjvm.so+0xa97cf2]  universe_init()+0x42
V  [libjvm.so+0x6265c5]  init_globals()+0x65
V  [libjvm.so+0xa7aa8f]  Threads::create_vm(JavaVMInitArgs*, bool*)+0x29f
V  [libjvm.so+0x6a723f]  JNI_CreateJavaVM+0x5f
C  [libjli.so+0x2fb8]  JavaMain+0x88
C  [libpthread.so.0+0x7dd5]  start_thread+0xc5


---------------  P R O C E S S  ---------------

Java Threads: ( => current thread )

Other Threads:

=>0x00007fcba404d000 (exited) JavaThread "Unknown thread" [_thread_in_vm, id=223, stack(0x00007fcbac4bd000,0x00007fcbac5bd000)]

VM state:not at safepoint (not fully initialized)

VM Mutex/Monitor currently owned by a thread: None

heap address: 0x00000000c0000000, size: 1024 MB, Compressed Oops mode: Non-zero based:0x00000000bffff000
Narrow klass base: 0x0000000000000000, Narrow klass shift: 0

GC Heap History (0 events):
No events

Deoptimization events (0 events):
No events

Classes redefined (0 events):
No events

Internal exceptions (0 events):
No events

Events (0 events):
No events


Dynamic libraries:
00400000-00401000 r-xp 00000000 fd:01 28586143                           /usr/lib/jvm/java-1.8.0-openjdk-1.8.0.222.b10-1.el7_7.x86_64/jre/bin/java
00600000-00601000 r--p 00000000 fd:01 28586143                           /usr/lib/jvm/java-1.8.0-openjdk-1.8.0.222.b10-1.el7_7.x86_64/jre/bin/java
00601000-00602000 rw-p 00001000 fd:01 28586143                           /usr/lib/jvm/java-1.8.0-openjdk-1.8.0.222.b10-1.el7_7.x86_64/jre/bin/java
00710000-00731000 rw-p 00000000 00:00 0                                  [heap]
c0000000-d4cc0000 rw-p 00000000 00:00 0 
7fcb80000000-7fcb80021000 rw-p 00000000 00:00 0 
7fcb80021000-7fcb84000000 ---p 00000000 00:00 0 
7fcb88000000-7fcb88021000 rw-p 00000000 00:00 0 
7fcb88021000-7fcb8c000000 ---p 00000000 00:00 0 
7fcb8c000000-7fcb8c021000 rw-p 00000000 00:00 0 
7fcb8c021000-7fcb90000000 ---p 00000000 00:00 0 
7fcb90000000-7fcb90021000 rw-p 00000000 00:00 0 
7fcb90021000-7fcb94000000 ---p 00000000 00:00 0 
7fcb95000000-7fcb95270000 rwxp 00000000 00:00 0 
7fcb95270000-7fcba4000000 ---p 00000000 00:00 0 
7fcba4000000-7fcba407d000 rw-p 00000000 00:00 0 
7fcba407d000-7fcba8000000 ---p 00000000 00:00 0 
7fcba84c8000-7fcba8c09000 rw-p 00000000 00:00 0 
7fcba8c09000-7fcba8d62000 ---p 00000000 00:00 0 
7fcba8d62000-7fcba8d63000 rw-p 00000000 00:00 0 
7fcba8d63000-7fcba8d64000 ---p 00000000 00:00 0 
7fcba8d64000-7fcba8e64000 rw-p 00000000 00:00 0 
7fcba8e64000-7fcba8e65000 ---p 00000000 00:00 0 
7fcba8e65000-7fcba8f65000 rw-p 00000000 00:00 0 
7fcba8f65000-7fcba8f66000 ---p 00000000 00:00 0 
7fcba8f66000-7fcba9066000 rw-p 00000000 00:00 0 
7fcba9066000-7fcba9067000 ---p 00000000 00:00 0 
7fcba9067000-7fcba9171000 rw-p 00000000 00:00 0 
7fcba9171000-7fcba9527000 ---p 00000000 00:00 0 
7fcba9527000-7fcba952f000 r-xp 00000000 fd:01 28586193                   /usr/lib/jvm/java-1.8.0-openjdk-1.8.0.222.b10-1.el7_7.x86_64/jre/lib/amd64/libzip.so
7fcba952f000-7fcba972e000 ---p 00008000 fd:01 28586193                   /usr/lib/jvm/java-1.8.0-openjdk-1.8.0.222.b10-1.el7_7.x86_64/jre/lib/amd64/libzip.so
7fcba972e000-7fcba972f000 r--p 00007000 fd:01 28586193                   /usr/lib/jvm/java-1.8.0-openjdk-1.8.0.222.b10-1.el7_7.x86_64/jre/lib/amd64/libzip.so
7fcba972f000-7fcba9730000 rw-p 00008000 fd:01 28586193                   /usr/lib/jvm/java-1.8.0-openjdk-1.8.0.222.b10-1.el7_7.x86_64/jre/lib/amd64/libzip.so
7fcba9730000-7fcba973c000 r-xp 00000000 fd:01 30805636                   /usr/lib64/libnss_files-2.17.so
7fcba973c000-7fcba993b000 ---p 0000c000 fd:01 30805636                   /usr/lib64/libnss_files-2.17.so
7fcba993b000-7fcba993c000 r--p 0000b000 fd:01 30805636                   /usr/lib64/libnss_files-2.17.so
7fcba993c000-7fcba993d000 rw-p 0000c000 fd:01 30805636                   /usr/lib64/libnss_files-2.17.so
7fcba993d000-7fcba9943000 rw-p 00000000 00:00 0 
7fcba9943000-7fcba996c000 r-xp 00000000 fd:01 28586172                   /usr/lib/jvm/java-1.8.0-openjdk-1.8.0.222.b10-1.el7_7.x86_64/jre/lib/amd64/libjava.so
7fcba996c000-7fcba9b6b000 ---p 00029000 fd:01 28586172                   /usr/lib/jvm/java-1.8.0-openjdk-1.8.0.222.b10-1.el7_7.x86_64/jre/lib/amd64/libjava.so
7fcba9b6b000-7fcba9b6c000 r--p 00028000 fd:01 28586172                   /usr/lib/jvm/java-1.8.0-openjdk-1.8.0.222.b10-1.el7_7.x86_64/jre/lib/amd64/libjava.so
7fcba9b6c000-7fcba9b6e000 rw-p 00029000 fd:01 28586172                   /usr/lib/jvm/java-1.8.0-openjdk-1.8.0.222.b10-1.el7_7.x86_64/jre/lib/amd64/libjava.so
7fcba9b6e000-7fcba9b7b000 r-xp 00000000 fd:01 28586192                   /usr/lib/jvm/java-1.8.0-openjdk-1.8.0.222.b10-1.el7_7.x86_64/jre/lib/amd64/libverify.so
7fcba9b7b000-7fcba9d7a000 ---p 0000d000 fd:01 28586192                   /usr/lib/jvm/java-1.8.0-openjdk-1.8.0.222.b10-1.el7_7.x86_64/jre/lib/amd64/libverify.so
7fcba9d7a000-7fcba9d7c000 r--p 0000c000 fd:01 28586192                   /usr/lib/jvm/java-1.8.0-openjdk-1.8.0.222.b10-1.el7_7.x86_64/jre/lib/amd64/libverify.so
7fcba9d7c000-7fcba9d7d000 rw-p 0000e000 fd:01 28586192                   /usr/lib/jvm/java-1.8.0-openjdk-1.8.0.222.b10-1.el7_7.x86_64/jre/lib/amd64/libverify.so
7fcba9d7d000-7fcba9d84000 r-xp 00000000 fd:01 30805703                   /usr/lib64/librt-2.17.so
7fcba9d84000-7fcba9f83000 ---p 00007000 fd:01 30805703                   /usr/lib64/librt-2.17.so
7fcba9f83000-7fcba9f84000 r--p 00006000 fd:01 30805703                   /usr/lib64/librt-2.17.so
7fcba9f84000-7fcba9f85000 rw-p 00007000 fd:01 30805703                   /usr/lib64/librt-2.17.so
7fcba9f85000-7fcba9f9a000 r-xp 00000000 fd:01 30805540                   /usr/lib64/libgcc_s-4.8.5-20150702.so.1
7fcba9f9a000-7fcbaa199000 ---p 00015000 fd:01 30805540                   /usr/lib64/libgcc_s-4.8.5-20150702.so.1
7fcbaa199000-7fcbaa19a000 r--p 00014000 fd:01 30805540                   /usr/lib64/libgcc_s-4.8.5-20150702.so.1
7fcbaa19a000-7fcbaa19b000 rw-p 00015000 fd:01 30805540                   /usr/lib64/libgcc_s-4.8.5-20150702.so.1
7fcbaa19b000-7fcbaa29c000 r-xp 00000000 fd:01 30805607                   /usr/lib64/libm-2.17.so
7fcbaa29c000-7fcbaa49b000 ---p 00101000 fd:01 30805607                   /usr/lib64/libm-2.17.so
7fcbaa49b000-7fcbaa49c000 r--p 00100000 fd:01 30805607                   /usr/lib64/libm-2.17.so
7fcbaa49c000-7fcbaa49d000 rw-p 00101000 fd:01 30805607                   /usr/lib64/libm-2.17.so
7fcbaa49d000-7fcbaa586000 r-xp 00000000 fd:01 30805725                   /usr/lib64/libstdc++.so.6.0.19
7fcbaa586000-7fcbaa785000 ---p 000e9000 fd:01 30805725                   /usr/lib64/libstdc++.so.6.0.19
7fcbaa785000-7fcbaa78d000 r--p 000e8000 fd:01 30805725                   /usr/lib64/libstdc++.so.6.0.19
7fcbaa78d000-7fcbaa78f000 rw-p 000f0000 fd:01 30805725                   /usr/lib64/libstdc++.so.6.0.19
7fcbaa78f000-7fcbaa7a4000 rw-p 00000000 00:00 0 
7fcbaa7a4000-7fcbab48c000 r-xp 00000000 fd:01 28586198                   /usr/lib/jvm/java-1.8.0-openjdk-1.8.0.222.b10-1.el7_7.x86_64/jre/lib/amd64/server/libjvm.so
7fcbab48c000-7fcbab68c000 ---p 00ce8000 fd:01 28586198                   /usr/lib/jvm/java-1.8.0-openjdk-1.8.0.222.b10-1.el7_7.x86_64/jre/lib/amd64/server/libjvm.so
7fcbab68c000-7fcbab738000 r--p 00ce8000 fd:01 28586198                   /usr/lib/jvm/java-1.8.0-openjdk-1.8.0.222.b10-1.el7_7.x86_64/jre/lib/amd64/server/libjvm.so
7fcbab738000-7fcbab762000 rw-p 00d94000 fd:01 28586198                   /usr/lib/jvm/java-1.8.0-openjdk-1.8.0.222.b10-1.el7_7.x86_64/jre/lib/amd64/server/libjvm.so
7fcbab762000-7fcbab795000 rw-p 00000000 00:00 0 
7fcbab795000-7fcbab957000 r-xp 00000000 fd:01 30805493                   /usr/lib64/libc-2.17.so
7fcbab957000-7fcbabb57000 ---p 001c2000 fd:01 30805493                   /usr/lib64/libc-2.17.so
7fcbabb57000-7fcbabb5b000 r--p 001c2000 fd:01 30805493                   /usr/lib64/libc-2.17.so
7fcbabb5b000-7fcbabb5d000 rw-p 001c6000 fd:01 30805493                   /usr/lib64/libc-2.17.so
7fcbabb5d000-7fcbabb62000 rw-p 00000000 00:00 0 
7fcbabb62000-7fcbabb64000 r-xp 00000000 fd:01 30805522                   /usr/lib64/libdl-2.17.so
7fcbabb64000-7fcbabd64000 ---p 00002000 fd:01 30805522                   /usr/lib64/libdl-2.17.so
7fcbabd64000-7fcbabd65000 r--p 00002000 fd:01 30805522                   /usr/lib64/libdl-2.17.so
7fcbabd65000-7fcbabd66000 rw-p 00003000 fd:01 30805522                   /usr/lib64/libdl-2.17.so
7fcbabd66000-7fcbabd73000 r-xp 00000000 fd:01 28586158                   /usr/lib/jvm/java-1.8.0-openjdk-1.8.0.222.b10-1.el7_7.x86_64/jre/lib/amd64/jli/libjli.so
7fcbabd73000-7fcbabf73000 ---p 0000d000 fd:01 28586158                   /usr/lib/jvm/java-1.8.0-openjdk-1.8.0.222.b10-1.el7_7.x86_64/jre/lib/amd64/jli/libjli.so
7fcbabf73000-7fcbabf74000 r--p 0000d000 fd:01 28586158                   /usr/lib/jvm/java-1.8.0-openjdk-1.8.0.222.b10-1.el7_7.x86_64/jre/lib/amd64/jli/libjli.so
7fcbabf74000-7fcbabf75000 rw-p 0000e000 fd:01 28586158                   /usr/lib/jvm/java-1.8.0-openjdk-1.8.0.222.b10-1.el7_7.x86_64/jre/lib/amd64/jli/libjli.so
7fcbabf75000-7fcbabf8a000 r-xp 00000000 fd:01 30805765                   /usr/lib64/libz.so.1.2.7
7fcbabf8a000-7fcbac189000 ---p 00015000 fd:01 30805765                   /usr/lib64/libz.so.1.2.7
7fcbac189000-7fcbac18a000 r--p 00014000 fd:01 30805765                   /usr/lib64/libz.so.1.2.7
7fcbac18a000-7fcbac18b000 rw-p 00015000 fd:01 30805765                   /usr/lib64/libz.so.1.2.7
7fcbac18b000-7fcbac1a2000 r-xp 00000000 fd:01 30805684                   /usr/lib64/libpthread-2.17.so
7fcbac1a2000-7fcbac3a1000 ---p 00017000 fd:01 30805684                   /usr/lib64/libpthread-2.17.so
7fcbac3a1000-7fcbac3a2000 r--p 00016000 fd:01 30805684                   /usr/lib64/libpthread-2.17.so
7fcbac3a2000-7fcbac3a3000 rw-p 00017000 fd:01 30805684                   /usr/lib64/libpthread-2.17.so
7fcbac3a3000-7fcbac3a7000 rw-p 00000000 00:00 0 
7fcbac3a7000-7fcbac3c9000 r-xp 00000000 fd:01 30805469                   /usr/lib64/ld-2.17.so
7fcbac473000-7fcbac4b4000 rw-p 00000000 00:00 0 
7fcbac4b4000-7fcbac4bc000 rw-s 00000000 fd:01 25314252                   /tmp/hsperfdata_root/208
7fcbac4bc000-7fcbac4c0000 ---p 00000000 00:00 0 
7fcbac4c0000-7fcbac5c3000 rw-p 00000000 00:00 0 
7fcbac5c3000-7fcbac5c6000 rw-p 00000000 00:00 0 
7fcbac5c6000-7fcbac5c7000 r--p 00000000 00:00 0 
7fcbac5c7000-7fcbac5c8000 rw-p 00000000 00:00 0 
7fcbac5c8000-7fcbac5c9000 r--p 00021000 fd:01 30805469                   /usr/lib64/ld-2.17.so
7fcbac5c9000-7fcbac5ca000 rw-p 00022000 fd:01 30805469                   /usr/lib64/ld-2.17.so
7fcbac5ca000-7fcbac5cb000 rw-p 00000000 00:00 0 
7ffd9cf6d000-7ffd9cf8e000 rw-p 00000000 00:00 0                          [stack]
7ffd9cfcf000-7ffd9cfd2000 r--p 00000000 00:00 0                          [vvar]
7ffd9cfd2000-7ffd9cfd4000 r-xp 00000000 00:00 0                          [vdso]
ffffffffff600000-ffffffffff601000 r-xp 00000000 00:00 0                  [vsyscall]

VM Arguments:
jvm_args: -Xms1g -Xmx1g -XX:+UseConcMarkSweepGC -XX:CMSInitiatingOccupancyFraction=75 -XX:+UseCMSInitiatingOccupancyOnly -Djava.awt.headless=true -Dfile.encoding=UTF-8 -Djruby.compile.invokedynamic=true -Djruby.jit.threshold=0 -Djruby.regexp.interruptible=true -XX:+HeapDumpOnOutOfMemoryError -Djava.security.egd=file:/dev/urandom 
java_command: org.logstash.Logstash --path.settings /etc/logstash
java_class_path (initial): /usr/share/logstash/logstash-core/lib/jars/animal-sniffer-annotations-1.14.jar:/usr/share/logstash/logstash-core/lib/jars/commons-codec-1.11.jar:/usr/share/logstash/logstash-core/lib/jars/commons-compiler-3.0.8.jar:/usr/share/logstash/logstash-core/lib/jars/error_prone_annotations-2.0.18.jar:/usr/share/logstash/logstash-core/lib/jars/google-java-format-1.1.jar:/usr/share/logstash/logstash-core/lib/jars/gradle-license-report-0.7.1.jar:/usr/share/logstash/logstash-core/lib/jars/guava-22.0.jar:/usr/share/logstash/logstash-core/lib/jars/j2objc-annotations-1.1.jar:/usr/share/logstash/logstash-core/lib/jars/jackson-annotations-2.9.9.jar:/usr/share/logstash/logstash-core/lib/jars/jackson-core-2.9.9.jar:/usr/share/logstash/logstash-core/lib/jars/jackson-databind-2.9.9.3.jar:/usr/share/logstash/logstash-core/lib/jars/jackson-dataformat-cbor-2.9.9.jar:/usr/share/logstash/logstash-core/lib/jars/janino-3.0.8.jar:/usr/share/logstash/logstash-core/lib/jars/javassist-3.22.0-GA.jar:/usr/share/logstash/logstash-core/lib/jars/jruby-complete-9.2.7.0.jar:/usr/share/logstash/logstash-core/lib/jars/jsr305-1.3.9.jar:/usr/share/logstash/logstash-core/lib/jars/log4j-api-2.9.1.jar:/usr/share/logstash/logstash-core/lib/jars/log4j-core-2.9.1.jar:/usr/share/logstash/logstash-core/lib/jars/log4j-slf4j-impl-2.9.1.jar:/usr/share/logstash/logstash-core/lib/jars/logstash-core.jar:/usr/share/logstash/logstash-core/lib/jars/org.eclipse.core.commands-3.6.0.jar:/usr/share/logstash/logstash-core/lib/jars/org.eclipse.core.contenttype-3.4.100.jar:/usr/share/logstash/logstash-core/lib/jars/org.eclipse.core.expressions-3.4.300.jar:/usr/share/logstash/logstash-core/lib/jars/org.eclipse.core.filesystem-1.3.100.jar:/usr/share/logstash/logstash-core/lib/jars/org.eclipse.core.jobs-3.5.100.jar:/usr/share/logstash/logstash-core/lib/jars/org.eclipse.core.resources-3.7.100.jar:/usr/share/logstash/logstash-core/lib/jars/org.eclipse.core.runtime-3.7.0.jar:/usr/share/logstash/logstash-core/l
Launcher Type: SUN_STANDARD

Environment Variables:
PATH=/usr/local/sbin:/usr/local/bin:/usr/sbin:/usr/bin:/sbin:/bin

Signal Handlers:
SIGSEGV: [libjvm.so+0xacf8d0], sa_mask[0]=11111111011111111101111111111110, sa_flags=SA_RESTART|SA_SIGINFO
SIGBUS: [libjvm.so+0xacf8d0], sa_mask[0]=11111111011111111101111111111110, sa_flags=SA_RESTART|SA_SIGINFO
SIGFPE: [libjvm.so+0x8c1d30], sa_mask[0]=11111111011111111101111111111110, sa_flags=SA_RESTART|SA_SIGINFO
SIGPIPE: [libjvm.so+0x8c1d30], sa_mask[0]=11111111011111111101111111111110, sa_flags=SA_RESTART|SA_SIGINFO
SIGXFSZ: [libjvm.so+0x8c1d30], sa_mask[0]=11111111011111111101111111111110, sa_flags=SA_RESTART|SA_SIGINFO
SIGILL: [libjvm.so+0x8c1d30], sa_mask[0]=11111111011111111101111111111110, sa_flags=SA_RESTART|SA_SIGINFO
SIGUSR1: SIG_DFL, sa_mask[0]=00000000000000000000000000000000, sa_flags=none
SIGUSR2: [libjvm.so+0x8c1be0], sa_mask[0]=00000000000000000000000000000000, sa_flags=SA_RESTART|SA_SIGINFO
SIGHUP: SIG_DFL, sa_mask[0]=00000000000000000000000000000000, sa_flags=none
SIGINT: SIG_IGN, sa_mask[0]=00000000000000000000000000000000, sa_flags=none
SIGTERM: SIG_DFL, sa_mask[0]=00000000000000000000000000000000, sa_flags=none
SIGQUIT: SIG_IGN, sa_mask[0]=00000000000000000000000000000000, sa_flags=none


---------------  S Y S T E M  ---------------

OS:CentOS Linux release 7.6.1810 (Core) 

uname:Linux 4.15.0-74-generic #84-Ubuntu SMP Thu Dec 19 08:06:28 UTC 2019 x86_64
libc:glibc 2.17 NPTL 2.17 
rlimit: STACK 8192k, CORE infinity, NPROC infinity, NOFILE 1048576, AS infinity
load average:3.19 1.18 0.80

/proc/meminfo:
MemTotal:       16302044 kB
MemFree:          160860 kB
MemAvailable:     394368 kB
Buffers:           71600 kB
Cached:          2304940 kB
SwapCached:        19496 kB
Active:         13343132 kB
Inactive:        2072260 kB
Active(anon):   13142260 kB
Inactive(anon):  1857832 kB
Active(file):     200872 kB
Inactive(file):   214428 kB
Unevictable:         152 kB
Mlocked:             152 kB
SwapTotal:       1003516 kB
SwapFree:              0 kB
Dirty:               168 kB
Writeback:            96 kB
AnonPages:      13019856 kB
Mapped:          1282488 kB
Shmem:           1966224 kB
Slab:             351488 kB
SReclaimable:     141444 kB
SUnreclaim:       210044 kB
KernelStack:       31744 kB
PageTables:       165732 kB
NFS_Unstable:          0 kB
Bounce:                0 kB
WritebackTmp:          0 kB
CommitLimit:     9154536 kB
Committed_AS:   36149488 kB
VmallocTotal:   34359738367 kB
VmallocUsed:           0 kB
VmallocChunk:          0 kB
HardwareCorrupted:     0 kB
AnonHugePages:         0 kB
ShmemHugePages:        0 kB
ShmemPmdMapped:        0 kB
CmaTotal:              0 kB
CmaFree:               0 kB
HugePages_Total:       0
HugePages_Free:        0
HugePages_Rsvd:        0
HugePages_Surp:        0
Hugepagesize:       2048 kB
DirectMap4k:     2428656 kB
DirectMap2M:    14225408 kB
DirectMap1G:           0 kB

container (cgroup) information:
container_type: cgroupv1
cpu_cpuset_cpus: 0-3
cpu_memory_nodes: 0
active_processor_count: 4
cpu_quota: -1
cpu_period: 100000
cpu_shares: -1
memory_limit_in_bytes: -1
memory_and_swap_limit_in_bytes: -2
memory_soft_limit_in_bytes: -1
memory_usage_in_bytes: 984494080
memory_max_usage_in_bytes: 984518656


CPU:total 4 (initial active 4) (2 cores per cpu, 2 threads per core) family 6 model 142 stepping 9, cmov, cx8, fxsr, mmx, sse, sse2, sse3, ssse3, sse4.1, sse4.2, popcnt, avx, avx2, aes, clmul, erms, rtm, 3dnowpref, lzcnt, ht, tsc, tscinvbit, bmi1, bmi2, adx

/proc/cpuinfo:
processor	: 0
vendor_id	: GenuineIntel
cpu family	: 6
model		: 142
model name	: Intel(R) Core(TM) i7-7600U CPU @ 2.80GHz
stepping	: 9
microcode	: 0xca
cpu MHz		: 3877.252
cache size	: 4096 KB
physical id	: 0
siblings	: 4
core id		: 0
cpu cores	: 2
apicid		: 0
initial apicid	: 0
fpu		: yes
fpu_exception	: yes
cpuid level	: 22
wp		: yes
flags		: fpu vme de pse tsc msr pae mce cx8 apic sep mtrr pge mca cmov pat pse36 clflush dts acpi mmx fxsr sse sse2 ss ht tm pbe syscall nx pdpe1gb rdtscp lm constant_tsc art arch_perfmon pebs bts rep_good nopl xtopology nonstop_tsc cpuid aperfmperf tsc_known_freq pni pclmulqdq dtes64 monitor ds_cpl vmx smx est tm2 ssse3 sdbg fma cx16 xtpr pdcm pcid sse4_1 sse4_2 x2apic movbe popcnt tsc_deadline_timer aes xsave avx f16c rdrand lahf_lm abm 3dnowprefetch cpuid_fault epb invpcid_single pti ssbd ibrs ibpb stibp tpr_shadow vnmi flexpriority ept vpid fsgsbase tsc_adjust bmi1 hle avx2 smep bmi2 erms invpcid rtm mpx rdseed adx smap clflushopt intel_pt xsaveopt xsavec xgetbv1 xsaves dtherm ida arat pln pts hwp hwp_notify hwp_act_window hwp_epp md_clear flush_l1d
bugs		: cpu_meltdown spectre_v1 spectre_v2 spec_store_bypass l1tf mds swapgs taa itlb_multihit
bogomips	: 5808.00
clflush size	: 64
cache_alignment	: 64
address sizes	: 39 bits physical, 48 bits virtual
power management:

processor	: 1
vendor_id	: GenuineIntel
cpu family	: 6
model		: 142
model name	: Intel(R) Core(TM) i7-7600U CPU @ 2.80GHz
stepping	: 9
microcode	: 0xca
cpu MHz		: 3874.874
cache size	: 4096 KB
physical id	: 0
siblings	: 4
core id		: 1
cpu cores	: 2
apicid		: 2
initial apicid	: 2
fpu		: yes
fpu_exception	: yes
cpuid level	: 22
wp		: yes
flags		: fpu vme de pse tsc msr pae mce cx8 apic sep mtrr pge mca cmov pat pse36 clflush dts acpi mmx fxsr sse sse2 ss ht tm pbe syscall nx pdpe1gb rdtscp lm constant_tsc art arch_perfmon pebs bts rep_good nopl xtopology nonstop_tsc cpuid aperfmperf tsc_known_freq pni pclmulqdq dtes64 monitor ds_cpl vmx smx est tm2 ssse3 sdbg fma cx16 xtpr pdcm pcid sse4_1 sse4_2 x2apic movbe popcnt tsc_deadline_timer aes xsave avx f16c rdrand lahf_lm abm 3dnowprefetch cpuid_fault epb invpcid_single pti ssbd ibrs ibpb stibp tpr_shadow vnmi flexpriority ept vpid fsgsbase tsc_adjust bmi1 hle avx2 smep bmi2 erms invpcid rtm mpx rdseed adx smap clflushopt intel_pt xsaveopt xsavec xgetbv1 xsaves dtherm ida arat pln pts hwp hwp_notify hwp_act_window hwp_epp md_clear flush_l1d
bugs		: cpu_meltdown spectre_v1 spectre_v2 spec_store_bypass l1tf mds swapgs taa itlb_multihit
bogomips	: 5808.00
clflush size	: 64
cache_alignment	: 64
address sizes	: 39 bits physical, 48 bits virtual
power management:

processor	: 2
vendor_id	: GenuineIntel
cpu family	: 6
model		: 142
model name	: Intel(R) Core(TM) i7-7600U CPU @ 2.80GHz
stepping	: 9
microcode	: 0xca
cpu MHz		: 3872.026
cache size	: 4096 KB
physical id	: 0
siblings	: 4
core id		: 0
cpu cores	: 2
apicid		: 1
initial apicid	: 1
fpu		: yes
fpu_exception	: yes
cpuid level	: 22
wp		: yes
flags		: fpu vme de pse tsc msr pae mce cx8 apic sep mtrr pge mca cmov pat pse36 clflush dts acpi mmx fxsr sse sse2 ss ht tm pbe syscall nx pdpe1gb rdtscp lm constant_tsc art arch_perfmon pebs bts rep_good nopl xtopology nonstop_tsc cpuid aperfmperf tsc_known_freq pni pclmulqdq dtes64 monitor ds_cpl vmx smx est tm2 ssse3 sdbg fma cx16 xtpr pdcm pcid sse4_1 sse4_2 x2apic movbe popcnt tsc_deadline_timer aes xsave avx f16c rdrand lahf_lm abm 3dnowprefetch cpuid_fault epb invpcid_single pti ssbd ibrs ibpb stibp tpr_shadow vnmi flexpriority ept vpid fsgsbase tsc_adjust bmi1 hle avx2 smep bmi2 erms invpcid rtm mpx rdseed adx smap clflushopt intel_pt xsaveopt xsavec xgetbv1 xsaves dtherm ida arat pln pts hwp hwp_notify hwp_act_window hwp_epp md_clear flush_l1d
bugs		: cpu_meltdown spectre_v1 spectre_v2 spec_store_bypass l1tf mds swapgs taa itlb_multihit
bogomips	: 5808.00
clflush size	: 64
cache_alignment	: 64
address sizes	: 39 bits physical, 48 bits virtual
power management:

processor	: 3
vendor_id	: GenuineIntel
cpu family	: 6
model		: 142
model name	: Intel(R) Core(TM) i7-7600U CPU @ 2.80GHz
stepping	: 9
microcode	: 0xca
cpu MHz		: 3872.959
cache size	: 4096 KB
physical id	: 0
siblings	: 4
core id		: 1
cpu cores	: 2
apicid		: 3
initial apicid	: 3
fpu		: yes
fpu_exception	: yes
cpuid level	: 22
wp		: yes
flags		: fpu vme de pse tsc msr pae mce cx8 apic sep mtrr pge mca cmov pat pse36 clflush dts acpi mmx fxsr sse sse2 ss ht tm pbe syscall nx pdpe1gb rdtscp lm constant_tsc art arch_perfmon pebs bts rep_good nopl xtopology nonstop_tsc cpuid aperfmperf tsc_known_freq pni pclmulqdq dtes64 monitor ds_cpl vmx smx est tm2 ssse3 sdbg fma cx16 xtpr pdcm pcid sse4_1 sse4_2 x2apic movbe popcnt tsc_deadline_timer aes xsave avx f16c rdrand lahf_lm abm 3dnowprefetch cpuid_fault epb invpcid_single pti ssbd ibrs ibpb stibp tpr_shadow vnmi flexpriority ept vpid fsgsbase tsc_adjust bmi1 hle avx2 smep bmi2 erms invpcid rtm mpx rdseed adx smap clflushopt intel_pt xsaveopt xsavec xgetbv1 xsaves dtherm ida arat pln pts hwp hwp_notify hwp_act_window hwp_epp md_clear flush_l1d
bugs		: cpu_meltdown spectre_v1 spectre_v2 spec_store_bypass l1tf mds swapgs taa itlb_multihit
bogomips	: 5808.00
clflush size	: 64
cache_alignment	: 64
address sizes	: 39 bits physical, 48 bits virtual
power management:



Memory: 4k page, physical 16302044k(158472k free), swap 1003516k(0k free)

vm_info: OpenJDK 64-Bit Server VM (25.222-b10) for linux-amd64 JRE (1.8.0_222-b10), built on Sep 14 2019 13:24:21 by "mockbuild" with gcc 4.8.5 20150623 (Red Hat 4.8.5-39)

time: Thu Jan 30 08:53:05 2020
timezone: UTC
elapsed time: 0 seconds (0d 0h 0m 0s)

